out 20 2021 11:15 Execution start
Calling julia.exe
WARNING: using JuMP.objective_function in module Main conflicts with an existing identifier.
WARNING: using JuMP.mode in module Main conflicts with an existing identifier.
choosemode = monalisa
choosemode = monalisa
options.mode = monalisa
options.mode = monalisa
options.linear = false
options.mode = monalisa
options.mode = monalisa
(Stages, Cycles) = (120, 12)
(periods, blocks) = (120, 1)
memoria1 = options.objective_function = energia_firme
options.objective_function = min_slack_squared = min_slack_squared
options.reservoir_constraints = reservoir_constraints_slack = reservoir_constraints_slack
memoria1 = energia_firme
  0.191596 seconds (506.81 k allocations: 27.420 MiB)
Int(options.evaporation) = 3
options.evaporation = variavel
options.objective_function = min_slack_squared
options.reservoir_constraints = reservoir_constraints_slack
1 of 1
  0.000289 seconds (4 allocations: 296.406 KiB)
("antes", s) = ("antes", 1)
data.inflow[1, 1] = 270.0
JuMP.value(inflow_parameter[1, 1]) = 723.168
  0.000005 seconds (1 allocation: 16 bytes)
Int(options.evaporation) = 3
options.evaporation = variavel
options.objective_function = min_slack_squared
options.reservoir_constraints = reservoir_constraints_slack
("depois", s) = ("depois", 1)
data.inflow[1, 1] = 270.0
JuMP.value(inflow_parameter[1, 1]) = 723.168

******************************************************************************
This program contains Ipopt, a library for large-scale nonlinear optimization.
 Ipopt is released as open source code under the Eclipse Public License (EPL).
         For more information visit https://github.com/coin-or/Ipopt
******************************************************************************

This is Ipopt version 3.13.4, running with linear solver mumps.
NOTE: Other linear solvers might be more efficient (see Ipopt documentation).

Number of nonzeros in equality constraint Jacobian...:    65269
Number of nonzeros in inequality constraint Jacobian.:    48966
Number of nonzeros in Lagrangian Hessian.............:    54264

Total number of variables............................:   102401
                     variables with only lower bounds:    20640
                variables with lower and upper bounds:    43840
                     variables with only upper bounds:        0
Total number of equality constraints.................:    22320
Total number of inequality constraints...............:    41558
        inequality constraints with only lower bounds:    38078
   inequality constraints with lower and upper bounds:        0
        inequality constraints with only upper bounds:     3480

iter    objective    inf_pr   inf_du lg(mu)  ||d||  lg(rg) alpha_du alpha_pr  ls
   0  5.6750503e+05 1.34e+05 2.00e+04  -1.0 0.00e+00    -  0.00e+00 0.00e+00   0
   1r 5.6750503e+05 1.34e+05 9.99e+02   5.1 0.00e+00  -4.0 0.00e+00 1.52e-07R  2
   2r 8.9692713e+05 1.34e+05 9.99e+02   5.1 7.66e+05    -  1.35e-05 7.76e-08f  1
   3r 2.3932981e+06 1.33e+05 9.98e+02   3.0 7.22e+05    -  2.28e-03 1.09e-03f  1
   4r 6.0454773e+06 1.21e+05 9.96e+02   3.0 6.91e+06    -  6.84e-03 1.69e-03f  1
   5r 4.9303614e+07 9.57e+04 9.87e+02   3.0 6.56e+06    -  1.51e-02 8.65e-03f  1
   6  4.9303338e+07 9.57e+04 1.88e+05  -1.0 6.48e+04  -4.5 7.02e-06 2.78e-06f  1
   7  4.9303137e+07 9.57e+04 1.88e+05  -1.0 9.17e+04  -5.0 1.52e-06 2.03e-06f  1
   8  4.9302708e+07 9.57e+04 1.88e+05  -1.0 9.62e+04  -5.4 2.80e-06 4.33e-06f  1
   9  4.9302044e+07 9.57e+04 1.88e+05  -1.0 9.67e+04  -5.9 5.60e-06 6.72e-06f  1
iter    objective    inf_pr   inf_du lg(mu)  ||d||  lg(rg) alpha_du alpha_pr  ls
  10  4.9301364e+07 9.57e+04 1.88e+05  -1.0 1.05e+05  -6.4 7.25e-06 6.89e-06f  1
  11  4.9300898e+07 9.57e+04 1.88e+05  -1.0 1.11e+05  -6.9 5.71e-06 4.73e-06f  1
  12  4.9300303e+07 9.57e+04 1.88e+05  -1.0 1.16e+05  -7.3 5.30e-06 6.03e-06f  1
  13  4.9300043e+07 9.57e+04 1.88e+05  -1.0 1.20e+05  -7.8 4.58e-06 2.64e-06f  1
  14  4.9299430e+07 9.57e+04 1.88e+05  -1.0 1.22e+05  -8.3 4.41e-06 6.22e-06f  1
  15  4.9298849e+07 9.57e+04 1.88e+05  -1.0 1.24e+05  -8.8 8.14e-06 5.90e-06f  1
  16  4.9297979e+07 9.57e+04 1.88e+05  -1.0 1.28e+05  -9.2 7.53e-06 8.84e-06f  1
  17  4.9296908e+07 9.57e+04 1.88e+05  -1.0 1.28e+05  -9.7 9.63e-06 1.09e-05f  1
  18  4.9295948e+07 9.57e+04 1.88e+05  -1.0 1.28e+05 -10.2 1.06e-05 9.77e-06f  1
  19  4.9294835e+07 9.57e+04 1.88e+05  -1.0 1.28e+05 -10.7 1.43e-05 1.13e-05f  1
iter    objective    inf_pr   inf_du lg(mu)  ||d||  lg(rg) alpha_du alpha_pr  ls
  20  4.9293731e+07 9.57e+04 1.88e+05  -1.0 1.28e+05 -11.2 1.37e-05 1.13e-05f  1
  21  4.9292466e+07 9.57e+04 1.88e+05  -1.0 1.28e+05 -11.6 1.04e-05 1.29e-05f  1
  22  4.9291440e+07 9.57e+04 1.88e+05  -1.0 1.28e+05 -12.1 2.02e-05 1.05e-05f  1
  23  4.9290595e+07 9.57e+04 1.88e+05  -1.0 1.28e+05 -12.6 6.17e-06 8.63e-06f  1
  24  4.9289056e+07 9.57e+04 1.88e+05  -1.0 1.28e+05 -13.1 9.92e-06 1.57e-05f  1
  25  4.9288484e+07 9.57e+04 1.88e+05  -1.0 1.28e+05 -13.5 1.51e-05 5.85e-06f  1
  26  4.9286863e+07 9.57e+04 1.88e+05  -1.0 1.28e+05 -14.0 9.23e-06 1.66e-05f  1
  27  4.9285921e+07 9.57e+04 1.88e+05  -1.0 1.28e+05 -14.5 1.14e-05 9.62e-06f  1
  28  4.9284695e+07 9.57e+04 1.88e+05  -1.0 1.28e+05 -15.0 1.30e-05 1.25e-05f  1
  29  4.9283999e+07 9.57e+04 1.88e+05  -1.0 1.28e+05 -15.5 8.89e-06 7.12e-06f  1
iter    objective    inf_pr   inf_du lg(mu)  ||d||  lg(rg) alpha_du alpha_pr  ls
  30  4.9282605e+07 9.57e+04 1.88e+05  -1.0 1.28e+05 -15.9 7.54e-06 1.43e-05f  1
  31  4.9281531e+07 9.57e+04 1.88e+05  -1.0 1.28e+05 -16.4 1.03e-05 1.10e-05f  1
  32  4.9279673e+07 9.57e+04 1.88e+05  -1.0 1.28e+05 -16.9 1.50e-05 1.90e-05f  1
  33  4.9278499e+07 9.57e+04 1.88e+05  -1.0 1.28e+05 -17.4 1.44e-05 1.20e-05f  1
  34  4.9276308e+07 9.57e+04 1.88e+05  -1.0 1.28e+05 -17.8 1.69e-05 2.24e-05f  1
  35  4.9274829e+07 9.57e+04 1.88e+05  -1.0 1.28e+05 -18.3 1.86e-05 1.51e-05f  1
  36  4.9273013e+07 9.57e+04 1.88e+05  -1.0 1.28e+05 -18.8 1.83e-05 1.86e-05f  1
  37  4.9271621e+07 9.57e+04 1.88e+05  -1.0 1.28e+05 -19.3 1.45e-05 1.42e-05f  1
  38  4.9269662e+07 9.57e+04 1.88e+05  -1.0 1.28e+05 -19.7 1.17e-05 2.00e-05f  1
  39  4.9267966e+07 9.57e+04 1.88e+05  -1.0 1.28e+05 -20.0 1.36e-05 1.74e-05f  1
iter    objective    inf_pr   inf_du lg(mu)  ||d||  lg(rg) alpha_du alpha_pr  ls
  40  4.9264934e+07 9.57e+04 1.88e+05  -1.0 1.28e+05 -20.0 2.05e-05 3.10e-05f  1
  41  4.9263553e+07 9.57e+04 1.88e+05  -1.0 1.28e+05 -20.0 2.33e-05 1.41e-05f  1
  42  4.9261183e+07 9.57e+04 1.88e+05  -1.0 1.28e+05 -20.0 1.54e-05 2.42e-05f  1
  43  4.9258273e+07 9.57e+04 1.88e+05  -1.0 1.28e+05 -20.0 2.44e-05 2.97e-05f  1
  44  4.9256551e+07 9.57e+04 1.88e+05  -1.0 1.28e+05 -20.0 2.45e-05 1.76e-05f  1
  45  4.9253378e+07 9.57e+04 1.88e+05  -1.0 1.28e+05 -20.0 1.55e-05 3.24e-05f  1
  46  4.9251153e+07 9.57e+04 1.88e+05  -1.0 1.28e+05 -20.0 2.79e-05 2.27e-05f  1
  47  4.9248655e+07 9.57e+04 1.88e+05  -1.0 1.28e+05 -20.0 1.52e-05 2.55e-05f  1
  48  4.9245898e+07 9.57e+04 1.88e+05  -1.0 1.28e+05 -20.0 2.35e-05 2.82e-05f  1
  49  4.9242033e+07 9.57e+04 1.88e+05  -1.0 1.28e+05 -20.0 1.94e-05 3.95e-05f  1
iter    objective    inf_pr   inf_du lg(mu)  ||d||  lg(rg) alpha_du alpha_pr  ls
  50  4.9239812e+07 9.57e+04 1.88e+05  -1.0 1.28e+05 -20.0 2.48e-05 2.27e-05f  1
  51  4.9236265e+07 9.57e+04 1.88e+05  -1.0 1.28e+05 -20.0 4.39e-05 3.63e-05f  1
  52  4.9232363e+07 9.57e+04 1.88e+05  -1.0 1.28e+05 -20.0 3.25e-05 3.99e-05f  1
  53  4.9229503e+07 9.57e+04 1.88e+05  -1.0 1.28e+05 -20.0 2.19e-05 2.92e-05f  1
  54  4.9224306e+07 9.56e+04 1.88e+05  -1.0 1.28e+05 -20.0 3.50e-05 5.31e-05f  1
  55  4.9219755e+07 9.56e+04 1.88e+05  -1.0 1.28e+05 -20.0 4.50e-05 4.65e-05f  1
  56  4.9214410e+07 9.56e+04 1.88e+05  -1.0 1.28e+05 -20.0 3.85e-05 5.46e-05f  1
  57  4.9210525e+07 9.56e+04 1.88e+05  -1.0 1.28e+05 -20.0 3.65e-05 3.97e-05f  1
  58  4.9205342e+07 9.56e+04 1.88e+05  -1.0 1.28e+05 -20.0 3.49e-05 5.30e-05f  1
  59  4.9200636e+07 9.56e+04 1.88e+05  -1.0 1.28e+05 -20.0 4.01e-05 4.81e-05f  1
iter    objective    inf_pr   inf_du lg(mu)  ||d||  lg(rg) alpha_du alpha_pr  ls
  60  4.9197478e+07 9.56e+04 1.88e+05  -1.0 1.28e+05 -20.0 4.71e-05 3.23e-05f  1
  61  4.9191405e+07 9.56e+04 1.88e+05  -1.0 1.28e+05 -20.0 2.85e-05 6.21e-05f  1
  62  4.9186567e+07 9.56e+04 1.88e+05  -1.0 1.28e+05 -20.0 4.33e-05 4.95e-05f  1
  63  4.9180486e+07 9.56e+04 1.88e+05  -1.0 1.28e+05 -20.0 8.19e-05 6.22e-05f  1
  64  4.9172901e+07 9.56e+04 1.88e+05  -1.0 1.28e+05 -20.0 5.98e-05 7.76e-05f  1
  65  4.9165951e+07 9.56e+04 1.88e+05  -1.0 1.28e+05 -20.0 4.52e-05 7.11e-05f  1
  66  4.9159068e+07 9.56e+04 1.88e+05  -1.0 1.28e+05 -20.0 5.27e-05 7.04e-05f  1
  67  4.9154378e+07 9.56e+04 1.88e+05  -1.0 1.28e+05 -20.0 5.95e-05 4.80e-05f  1
  68  4.9148362e+07 9.56e+04 1.88e+05  -1.0 1.28e+05 -20.0 4.44e-05 6.16e-05f  1
  69  4.9139350e+07 9.56e+04 1.88e+05  -1.0 1.28e+05 -20.0 5.15e-05 9.22e-05f  1
iter    objective    inf_pr   inf_du lg(mu)  ||d||  lg(rg) alpha_du alpha_pr  ls
  70  4.9130641e+07 9.56e+04 1.88e+05  -1.0 1.28e+05 -20.0 1.04e-04 8.91e-05f  1
  71  4.9124546e+07 9.55e+04 1.88e+05  -1.0 1.28e+05 -20.0 5.52e-05 6.24e-05f  1
  72  4.9113453e+07 9.55e+04 1.88e+05  -1.0 1.28e+05 -20.0 4.35e-05 1.14e-04f  1
  73  4.9105279e+07 9.55e+04 1.88e+05  -1.0 1.28e+05 -20.0 1.57e-04 8.37e-05f  1
  74  4.9088607e+07 9.55e+04 1.88e+05  -1.0 1.28e+05 -20.0 1.77e-04 1.71e-04f  1
  75  4.9078298e+07 9.55e+04 1.88e+05  -1.0 1.28e+05 -20.0 2.19e-04 1.06e-04f  1
  76  4.9061725e+07 9.55e+04 1.88e+05  -1.0 1.28e+05 -20.0 1.09e-04 1.70e-04f  1
  77  4.9051703e+07 9.55e+04 1.88e+05  -1.0 1.28e+05 -20.0 1.09e-04 1.03e-04f  1
  78  4.9035486e+07 9.55e+04 1.88e+05  -1.0 1.28e+05 -20.0 1.06e-04 1.66e-04f  1
  79  4.9022358e+07 9.54e+04 1.88e+05  -1.0 1.28e+05 -20.0 3.22e-04 1.35e-04f  1
iter    objective    inf_pr   inf_du lg(mu)  ||d||  lg(rg) alpha_du alpha_pr  ls
  80  4.8994788e+07 9.54e+04 1.88e+05  -1.0 1.28e+05 -20.0 1.92e-04 2.83e-04f  1
  81  4.8975569e+07 9.54e+04 1.87e+05  -1.0 1.27e+05 -20.0 2.53e-04 1.97e-04f  1
  82  4.8954486e+07 9.54e+04 1.87e+05  -1.0 1.27e+05 -20.0 3.28e-04 2.16e-04f  1
  83  4.8925053e+07 9.54e+04 1.87e+05  -1.0 1.27e+05 -20.0 4.73e-04 3.02e-04f  1
  84  4.8889793e+07 9.53e+04 1.87e+05  -1.0 1.27e+05 -20.0 4.06e-04 3.62e-04f  1
  85  4.8854245e+07 9.53e+04 1.87e+05  -1.0 1.27e+05 -20.0 4.06e-04 3.65e-04f  1
  86  4.8806334e+07 9.52e+04 1.87e+05  -1.0 1.27e+05 -20.0 4.93e-04 4.93e-04f  1
  87  4.8760951e+07 9.52e+04 1.87e+05  -1.0 1.27e+05 -20.0 5.87e-04 4.67e-04f  1
  88  4.8711927e+07 9.51e+04 1.87e+05  -1.0 1.27e+05 -20.0 5.71e-04 5.05e-04f  1
  89  4.8646867e+07 9.51e+04 1.87e+05  -1.0 1.27e+05 -20.0 4.33e-04 6.71e-04f  1
iter    objective    inf_pr   inf_du lg(mu)  ||d||  lg(rg) alpha_du alpha_pr  ls
  90  4.8594656e+07 9.50e+04 1.87e+05  -1.0 1.27e+05 -20.0 6.26e-04 5.39e-04f  1
  91  4.8553504e+07 9.50e+04 1.87e+05  -1.0 1.27e+05 -20.0 5.19e-04 4.26e-04f  1
  92  4.8494956e+07 9.49e+04 1.87e+05  -1.0 1.27e+05 -20.0 6.80e-04 6.06e-04f  1
  93  4.8367021e+07 9.48e+04 1.86e+05  -1.0 1.27e+05 -20.0 4.52e-04 1.33e-03f  1
  94  4.8339420e+07 9.48e+04 1.86e+05  -1.0 1.27e+05 -20.0 1.08e-03 2.87e-04f  1
  95  4.8251383e+07 9.47e+04 1.86e+05  -1.0 1.27e+05 -20.0 3.52e-04 9.16e-04f  1
  96  4.8132150e+07 9.46e+04 1.86e+05  -1.0 1.27e+05 -20.0 9.37e-04 1.24e-03f  1
  97  4.8072161e+07 9.45e+04 1.86e+05  -1.0 1.26e+05 -20.0 8.73e-04 6.27e-04f  1
  98  4.7919325e+07 9.44e+04 1.85e+05  -1.0 1.26e+05 -20.0 6.59e-04 1.60e-03f  1
  99  4.7883309e+07 9.43e+04 1.85e+05  -1.0 1.26e+05 -20.0 8.78e-04 3.79e-04f  1
iter    objective    inf_pr   inf_du lg(mu)  ||d||  lg(rg) alpha_du alpha_pr  ls
 100  4.7778024e+07 9.42e+04 1.85e+05  -1.0 1.26e+05 -20.0 4.83e-04 1.11e-03f  1
 101  4.7703379e+07 9.41e+04 1.85e+05  -1.0 1.26e+05 -20.0 8.79e-04 7.87e-04f  1
 102  4.7519200e+07 9.40e+04 1.85e+05  -1.0 1.26e+05 -20.0 7.38e-04 1.95e-03f  1
 103  4.7346094e+07 9.38e+04 1.84e+05  -1.0 1.26e+05 -20.0 6.21e-04 1.84e-03f  1
 104  4.7315087e+07 9.38e+04 1.84e+05  -1.0 1.25e+05 -20.0 1.58e-03 3.30e-04f  1
 105  4.7194407e+07 9.36e+04 1.84e+05  -1.0 1.25e+05 -20.0 8.26e-04 1.29e-03f  1
 106  4.7103895e+07 9.36e+04 1.84e+05  -1.0 1.25e+05 -20.0 5.88e-04 9.68e-04f  1
 107  4.6867118e+07 9.33e+04 1.83e+05  -1.0 1.25e+05 -20.0 8.03e-04 2.54e-03f  1
 108  4.6766798e+07 9.32e+04 1.83e+05  -1.0 1.25e+05 -20.0 1.09e-03 1.08e-03f  1
 109  4.6676939e+07 9.31e+04 1.83e+05  -1.0 1.25e+05 -20.0 8.81e-04 9.71e-04f  1
iter    objective    inf_pr   inf_du lg(mu)  ||d||  lg(rg) alpha_du alpha_pr  ls
 110  4.6589795e+07 9.30e+04 1.83e+05  -1.0 1.24e+05 -20.0 8.86e-04 9.44e-04f  1
 111  4.6432150e+07 9.29e+04 1.83e+05  -1.0 1.24e+05 -20.0 8.34e-04 1.71e-03f  1
 112  4.6385907e+07 9.28e+04 1.82e+05  -1.0 1.24e+05 -20.0 1.29e-03 5.04e-04f  1
 113  4.6148928e+07 9.26e+04 1.82e+05  -1.0 1.24e+05 -20.0 8.78e-04 2.59e-03f  1
 114  4.5974869e+07 9.24e+04 1.82e+05  -1.0 1.24e+05 -20.0 1.24e-03 1.91e-03f  1
 115  4.5814224e+07 9.22e+04 1.81e+05  -1.0 1.23e+05 -20.0 1.35e-03 1.77e-03f  1
 116  4.5534177e+07 9.20e+04 1.81e+05  -1.0 1.23e+05 -20.0 9.30e-04 3.10e-03f  1
 117  4.5351990e+07 9.18e+04 1.80e+05  -1.0 1.23e+05 -20.0 1.79e-03 2.03e-03f  1
 118  4.5250036e+07 9.17e+04 1.80e+05  -1.0 1.23e+05 -20.0 1.49e-03 1.14e-03f  1
 119  4.5089665e+07 9.15e+04 1.80e+05  -1.0 1.22e+05 -20.0 1.11e-03 1.80e-03f  1
iter    objective    inf_pr   inf_du lg(mu)  ||d||  lg(rg) alpha_du alpha_pr  ls
 120  4.4941196e+07 9.14e+04 1.80e+05  -1.0 1.22e+05 -20.0 1.12e-03 1.67e-03f  1
 121  4.4818389e+07 9.12e+04 1.79e+05  -1.0 1.22e+05 -20.0 1.03e-03 1.39e-03f  1
 122  4.4673588e+07 9.11e+04 1.79e+05  -1.0 1.22e+05 -20.0 1.23e-03 1.64e-03f  1
 123  4.4595720e+07 9.10e+04 1.79e+05  -1.0 1.22e+05 -20.0 5.67e-04 8.86e-04f  1
 124  4.4488825e+07 9.09e+04 1.79e+05  -1.0 1.22e+05 -20.0 1.94e-03 1.22e-03f  1
 125  4.4351206e+07 9.07e+04 1.78e+05  -1.0 1.21e+05 -20.0 4.45e-04 1.58e-03f  1
 126  4.4284056e+07 9.07e+04 1.78e+05  -1.0 1.21e+05 -20.0 1.81e-04 7.71e-04f  1
 127  4.4223143e+07 9.06e+04 1.78e+05  -1.0 1.21e+05 -20.0 1.04e-03 7.01e-04f  1
 128  4.4124112e+07 9.05e+04 1.78e+05  -1.0 1.21e+05 -20.0 1.00e-03 1.14e-03f  1
 129  4.4000726e+07 9.04e+04 1.78e+05  -1.0 1.21e+05 -20.0 1.17e-04 1.43e-03f  1
iter    objective    inf_pr   inf_du lg(mu)  ||d||  lg(rg) alpha_du alpha_pr  ls
 130  4.3897397e+07 9.03e+04 1.77e+05  -1.0 1.21e+05 -20.0 8.91e-04 1.20e-03f  1
 131  4.3747496e+07 9.01e+04 1.77e+05  -1.0 1.21e+05 -20.0 1.48e-03 1.74e-03f  1
 132  4.3626884e+07 9.00e+04 1.77e+05  -1.0 1.20e+05 -20.0 1.07e-04 1.41e-03f  1
 133  4.3594845e+07 8.99e+04 1.77e+05  -1.0 1.20e+05 -20.0 7.48e-04 3.75e-04f  1
 134  4.3490923e+07 8.98e+04 1.77e+05  -1.0 1.20e+05 -20.0 3.65e-04 1.22e-03f  1
 135  4.3434536e+07 8.98e+04 1.76e+05  -1.0 1.20e+05 -20.0 1.60e-03 6.63e-04f  1
 136  4.3319108e+07 8.97e+04 1.76e+05  -1.0 1.20e+05 -20.0 9.93e-05 1.36e-03f  1
 137  4.3291255e+07 8.96e+04 1.76e+05  -1.0 1.20e+05 -20.0 4.51e-04 3.29e-04f  1
 138  4.3094616e+07 8.94e+04 1.76e+05  -1.0 1.20e+05 -20.0 5.19e-04 2.33e-03f  1
 139  4.2914428e+07 8.92e+04 1.75e+05  -1.0 1.19e+05 -20.0 1.78e-03 2.14e-03f  1
iter    objective    inf_pr   inf_du lg(mu)  ||d||  lg(rg) alpha_du alpha_pr  ls
 140  4.2824958e+07 8.91e+04 1.75e+05  -1.0 1.19e+05 -20.0 1.44e-04 1.07e-03f  1
 141  4.2778786e+07 8.91e+04 1.75e+05  -1.0 1.19e+05 -20.0 1.55e-03 5.53e-04f  1
 142  4.2651854e+07 8.89e+04 1.75e+05  -1.0 1.19e+05 -20.0 8.59e-04 1.53e-03f  1
 143  4.2487478e+07 8.88e+04 1.74e+05  -1.0 1.19e+05 -20.0 9.49e-04 1.98e-03f  1
 144  4.2440039e+07 8.87e+04 1.74e+05  -1.0 1.19e+05 -20.0 1.37e-04 5.75e-04f  1
 145  4.2406960e+07 8.87e+04 1.74e+05  -1.0 1.19e+05 -20.0 2.07e-03 4.01e-04f  1
 146  4.2197550e+07 8.85e+04 1.74e+05  -1.0 1.18e+05 -20.0 1.70e-04 2.55e-03f  1
 147  4.2128086e+07 8.84e+04 1.74e+05  -1.0 1.18e+05 -20.0 9.19e-04 8.50e-04f  1
 148  4.2002741e+07 8.82e+04 1.73e+05  -1.0 1.18e+05 -20.0 5.52e-04 1.54e-03f  1
 149  4.1929576e+07 8.82e+04 1.73e+05  -1.0 1.18e+05 -20.0 2.25e-03 9.02e-04f  1
iter    objective    inf_pr   inf_du lg(mu)  ||d||  lg(rg) alpha_du alpha_pr  ls
 150  4.1739876e+07 8.80e+04 1.73e+05  -1.0 1.18e+05 -20.0 1.40e-04 2.35e-03f  1
 151  4.1547778e+07 8.77e+04 1.72e+05  -1.0 1.18e+05 -20.0 7.93e-04 2.39e-03f  1
 152  4.1392223e+07 8.76e+04 1.72e+05  -1.0 1.17e+05 -20.0 1.70e-03 1.95e-03f  1
 153  4.1219089e+07 8.74e+04 1.72e+05  -1.0 1.17e+05 -20.0 6.96e-04 2.18e-03f  1
 154  4.1117375e+07 8.73e+04 1.72e+05  -1.0 1.17e+05 -20.0 5.87e-04 1.29e-03f  1
 155  4.1038714e+07 8.72e+04 1.71e+05  -1.0 1.17e+05 -20.0 1.53e-03 1.00e-03f  1
 156  4.0922505e+07 8.71e+04 1.71e+05  -1.0 1.16e+05 -20.0 8.93e-04 1.49e-03f  1
 157  4.0765754e+07 8.69e+04 1.71e+05  -1.0 1.16e+05 -20.0 4.20e-04 2.01e-03f  1
 158  4.0696020e+07 8.68e+04 1.71e+05  -1.0 1.16e+05 -20.0 1.23e-03 9.00e-04f  1
 159  4.0559825e+07 8.66e+04 1.70e+05  -1.0 1.16e+05 -20.0 6.78e-04 1.76e-03f  1
iter    objective    inf_pr   inf_du lg(mu)  ||d||  lg(rg) alpha_du alpha_pr  ls
 160  4.0507858e+07 8.66e+04 1.70e+05  -1.0 1.16e+05 -20.0 8.97e-04 6.76e-04f  1
 161  4.0409139e+07 8.65e+04 1.70e+05  -1.0 1.16e+05 -20.0 3.89e-04 1.29e-03f  1
 162  4.0308623e+07 8.64e+04 1.70e+05  -1.0 1.16e+05 -20.0 9.60e-04 1.32e-03f  1
 163  4.0191042e+07 8.62e+04 1.69e+05  -1.0 1.15e+05 -20.0 1.04e-03 1.55e-03f  1
 164  4.0103185e+07 8.61e+04 1.69e+05  -1.0 1.15e+05 -20.0 8.07e-04 1.16e-03f  1
 165  3.9939751e+07 8.59e+04 1.69e+05  -1.0 1.15e+05 -20.0 5.29e-04 2.17e-03f  1
 166  3.9879807e+07 8.59e+04 1.69e+05  -1.0 1.15e+05 -20.0 9.36e-04 7.99e-04f  1
 167  3.9783476e+07 8.58e+04 1.69e+05  -1.0 1.15e+05 -20.0 1.70e-03 1.29e-03f  1
 168  3.9652535e+07 8.56e+04 1.68e+05  -1.0 1.15e+05 -20.0 3.43e-04 1.76e-03f  1
 169  3.9606248e+07 8.56e+04 1.68e+05  -1.0 1.14e+05 -20.0 1.10e-03 6.25e-04f  1
iter    objective    inf_pr   inf_du lg(mu)  ||d||  lg(rg) alpha_du alpha_pr  ls
 170  3.9434448e+07 8.54e+04 1.68e+05  -1.0 1.14e+05 -20.0 5.85e-04 2.33e-03f  1
 171  3.9368783e+07 8.53e+04 1.68e+05  -1.0 1.14e+05 -20.0 9.80e-04 8.95e-04f  1
 172  3.9312612e+07 8.52e+04 1.67e+05  -1.0 1.14e+05 -20.0 6.15e-04 7.68e-04f  1
 173  3.9236506e+07 8.51e+04 1.67e+05  -1.0 1.14e+05 -20.0 1.43e-03 1.04e-03f  1
 174  3.9092227e+07 8.50e+04 1.67e+05  -1.0 1.14e+05 -20.0 9.63e-04 1.99e-03f  1
 175  3.8920358e+07 8.48e+04 1.67e+05  -1.0 1.14e+05 -20.0 5.04e-04 2.39e-03f  1
 176  3.8881060e+07 8.47e+04 1.66e+05  -1.0 1.13e+05 -20.0 1.01e-03 5.49e-04f  1
 177  3.8810205e+07 8.46e+04 1.66e+05  -1.0 1.13e+05 -20.0 1.49e-03 9.92e-04f  1
 178  3.8658943e+07 8.44e+04 1.66e+05  -1.0 1.13e+05 -20.0 8.63e-04 2.13e-03f  1
 179  3.8549524e+07 8.43e+04 1.66e+05  -1.0 1.13e+05 -20.0 1.44e-03 1.55e-03f  1
iter    objective    inf_pr   inf_du lg(mu)  ||d||  lg(rg) alpha_du alpha_pr  ls
 180  3.8443232e+07 8.42e+04 1.65e+05  -1.0 1.13e+05 -20.0 5.28e-04 1.51e-03f  1
 181  3.8358565e+07 8.41e+04 1.65e+05  -1.0 1.12e+05 -20.0 1.34e-03 1.21e-03f  1
 182  3.8231503e+07 8.39e+04 1.65e+05  -1.0 1.12e+05 -20.0 9.92e-04 1.83e-03f  1
 183  3.8076329e+07 8.37e+04 1.65e+05  -1.0 1.12e+05 -20.0 1.21e-03 2.25e-03f  1
 184  3.7965086e+07 8.36e+04 1.64e+05  -1.0 1.12e+05 -20.0 1.46e-03 1.63e-03f  1
 185  3.7827793e+07 8.34e+04 1.64e+05  -1.0 1.12e+05 -20.0 1.20e-03 2.02e-03f  1
 186  3.7763243e+07 8.34e+04 1.64e+05  -1.0 1.11e+05 -20.0 5.14e-04 9.57e-04f  1
 187  3.7692856e+07 8.33e+04 1.64e+05  -1.0 1.11e+05 -20.0 1.52e-03 1.05e-03f  1
 188  3.7525236e+07 8.31e+04 1.63e+05  -1.0 1.11e+05 -20.0 1.42e-03 2.51e-03f  1
 189  3.7368761e+07 8.29e+04 1.63e+05  -1.0 1.11e+05 -20.0 1.13e-03 2.37e-03f  1
iter    objective    inf_pr   inf_du lg(mu)  ||d||  lg(rg) alpha_du alpha_pr  ls
 190  3.7240330e+07 8.27e+04 1.63e+05  -1.0 1.11e+05 -20.0 1.08e-03 1.96e-03f  1
 191  3.7086493e+07 8.25e+04 1.62e+05  -1.0 1.10e+05 -20.0 1.09e-03 2.37e-03f  1
 192  3.6988435e+07 8.24e+04 1.62e+05  -1.0 1.10e+05 -20.0 1.67e-03 1.52e-03f  1
 193  3.6811217e+07 8.22e+04 1.61e+05  -1.0 1.10e+05 -20.0 9.53e-04 2.78e-03f  1
 194  3.6716265e+07 8.20e+04 1.61e+05  -1.0 1.10e+05 -20.0 1.38e-03 1.50e-03f  1
 195  3.6571062e+07 8.18e+04 1.61e+05  -1.0 1.10e+05 -20.0 1.22e-03 2.32e-03f  1
 196  3.6509001e+07 8.18e+04 1.61e+05  -1.0 1.09e+05 -20.0 1.67e-03 9.99e-04f  1
 197  3.6400186e+07 8.16e+04 1.60e+05  -1.0 1.09e+05 -20.0 7.78e-04 1.76e-03f  1
 198  3.6259085e+07 8.14e+04 1.60e+05  -1.0 1.09e+05 -20.0 1.59e-03 2.31e-03f  1
 199  3.6131157e+07 8.13e+04 1.60e+05  -1.0 1.09e+05 -20.0 1.26e-03 2.12e-03f  1
iter    objective    inf_pr   inf_du lg(mu)  ||d||  lg(rg) alpha_du alpha_pr  ls
 200  3.6010409e+07 8.11e+04 1.59e+05  -1.0 1.09e+05 -20.0 1.65e-03 2.02e-03f  1
 201  3.5885199e+07 8.09e+04 1.59e+05  -1.0 1.08e+05 -20.0 1.38e-03 2.12e-03f  1
 202  3.5807873e+07 8.08e+04 1.59e+05  -1.0 1.08e+05 -20.0 1.14e-03 1.32e-03f  1
 203  3.5678998e+07 8.06e+04 1.58e+05  -1.0 1.08e+05 -20.0 9.44e-04 2.22e-03f  1
 204  3.5565856e+07 8.05e+04 1.58e+05  -1.0 1.08e+05 -20.0 1.80e-03 1.97e-03f  1
 205  3.5438608e+07 8.03e+04 1.58e+05  -1.0 1.08e+05 -20.0 1.02e-03 2.25e-03f  1
 206  3.5361209e+07 8.02e+04 1.58e+05  -1.0 1.07e+05 -20.0 1.63e-03 1.38e-03f  1
 207  3.5218721e+07 8.00e+04 1.57e+05  -1.0 1.07e+05 -20.0 1.72e-03 2.57e-03f  1
 208  3.5128976e+07 7.98e+04 1.57e+05  -1.0 1.07e+05 -20.0 1.15e-03 1.64e-03f  1
 209  3.4974051e+07 7.96e+04 1.56e+05  -1.0 1.07e+05 -20.0 1.13e-03 2.87e-03f  1
iter    objective    inf_pr   inf_du lg(mu)  ||d||  lg(rg) alpha_du alpha_pr  ls
 210  3.4908692e+07 7.95e+04 1.56e+05  -1.0 1.06e+05 -20.0 1.88e-03 1.23e-03f  1
 211  3.4753225e+07 7.93e+04 1.56e+05  -1.0 1.06e+05 -20.0 1.54e-03 2.96e-03f  1
 212  3.4634433e+07 7.91e+04 1.55e+05  -1.0 1.06e+05 -20.0 1.90e-03 2.30e-03f  1
 213  3.4493244e+07 7.89e+04 1.55e+05  -1.0 1.06e+05 -20.0 2.24e-03 2.78e-03f  1
 214  3.4345420e+07 7.86e+04 1.55e+05  -1.0 1.05e+05 -20.0 7.78e-04 2.96e-03f  1
 215  3.4285827e+07 7.86e+04 1.54e+05  -1.0 1.05e+05 -20.0 1.93e-03 1.21e-03f  1
 216  3.4177068e+07 7.84e+04 1.54e+05  -1.0 1.05e+05 -20.0 2.31e-03 2.24e-03f  1
 217  3.4005820e+07 7.81e+04 1.53e+05  -1.0 1.05e+05 -20.0 2.19e-03 3.59e-03f  1
 218  3.3928042e+07 7.80e+04 1.53e+05  -1.0 1.04e+05 -20.0 3.78e-04 1.67e-03f  1
 219  3.3854054e+07 7.78e+04 1.53e+05  -1.0 1.04e+05 -20.0 1.85e-03 1.61e-03f  1
iter    objective    inf_pr   inf_du lg(mu)  ||d||  lg(rg) alpha_du alpha_pr  ls
 220  3.3736521e+07 7.76e+04 1.53e+05  -1.0 1.04e+05 -20.0 1.68e-03 2.59e-03f  1
 221  3.3638404e+07 7.75e+04 1.52e+05  -1.0 1.04e+05 -20.0 1.25e-03 2.21e-03f  1
 222  3.3470005e+07 7.72e+04 1.52e+05  -1.0 1.03e+05 -20.0 2.58e-04 3.88e-03f  1
 223  3.3358465e+07 7.70e+04 1.51e+05  -1.0 1.03e+05 -20.0 5.54e-03 2.64e-03f  1
 224  3.3220546e+07 7.67e+04 1.51e+05  -1.0 1.03e+05 -20.0 5.63e-04 3.35e-03f  1
 225  3.3143491e+07 7.66e+04 1.50e+05  -1.0 1.02e+05 -20.0 1.82e-03 1.92e-03f  1
 226  3.3009849e+07 7.63e+04 1.50e+05  -1.0 1.02e+05 -20.0 2.13e-03 3.40e-03f  1
 227  3.2914303e+07 7.61e+04 1.50e+05  -1.0 1.02e+05 -20.0 1.49e-03 2.50e-03f  1
 228  3.2847133e+07 7.60e+04 1.49e+05  -1.0 1.02e+05 -20.0 6.90e-05 1.79e-03f  1
 229  3.2792840e+07 7.59e+04 1.49e+05  -1.0 1.01e+05 -20.0 2.93e-03 1.47e-03f  1
iter    objective    inf_pr   inf_du lg(mu)  ||d||  lg(rg) alpha_du alpha_pr  ls
 230  3.2683770e+07 7.56e+04 1.49e+05  -1.0 1.01e+05 -20.0 2.02e-03 3.02e-03f  1
 231  3.2587819e+07 7.54e+04 1.48e+05  -1.0 1.01e+05 -20.0 1.57e-03 2.74e-03f  1
 232  3.2516692e+07 7.53e+04 1.48e+05  -1.0 1.01e+05 -20.0 3.60e-04 2.08e-03f  1
 233  3.2448785e+07 7.51e+04 1.48e+05  -1.0 1.01e+05 -20.0 3.42e-03 2.03e-03f  1
 234  3.2385081e+07 7.50e+04 1.47e+05  -1.0 1.00e+05 -20.0 7.14e-04 1.95e-03f  1
 235  3.2310405e+07 7.48e+04 1.47e+05  -1.0 1.00e+05 -20.0 4.97e-04 2.34e-03f  1
 236  3.2240863e+07 7.46e+04 1.47e+05  -1.0 9.99e+04 -20.0 1.30e-03 2.24e-03f  1
 237  3.2165635e+07 7.44e+04 1.46e+05  -1.0 9.97e+04 -20.0 9.25e-05 2.50e-03f  1
 238  3.2054061e+07 7.41e+04 1.46e+05  -1.0 9.94e+04 -20.0 5.45e-03 3.85e-03f  1
 239  3.1977581e+07 7.39e+04 1.45e+05  -1.0 9.91e+04 -20.0 2.30e-03 2.75e-03f  1
iter    objective    inf_pr   inf_du lg(mu)  ||d||  lg(rg) alpha_du alpha_pr  ls
 240  3.1916857e+07 7.38e+04 1.45e+05  -1.0 9.88e+04 -20.0 1.80e-03 2.26e-03f  1
 241  3.1825108e+07 7.35e+04 1.44e+05  -1.0 9.86e+04 -20.0 3.26e-03 3.55e-03f  1
 242  3.1663232e+07 7.30e+04 1.44e+05  -1.0 9.82e+04 -20.0 1.42e-03 6.71e-03f  1
 243  3.1606421e+07 7.28e+04 1.43e+05  -1.0 9.76e+04 -20.0 2.75e-03 2.53e-03f  1
 244  3.1517556e+07 7.25e+04 1.43e+05  -1.0 9.73e+04 -20.0 2.16e-03 4.17e-03f  1
 245  3.1463510e+07 7.23e+04 1.42e+05  -1.0 9.69e+04 -20.0 2.41e-03 2.69e-03f  1
 246  3.1375599e+07 7.20e+04 1.41e+05  -1.0 9.66e+04 -20.0 2.69e-04 4.66e-03f  1
 247  3.1314575e+07 7.18e+04 1.41e+05  -1.0 9.62e+04 -20.0 4.59e-03 3.49e-03f  1
 248  3.1298275e+07 7.17e+04 1.41e+05  -1.0 9.59e+04 -20.0 4.43e-03 9.75e-04f  1
 249  3.1287325e+07 7.16e+04 1.41e+05  -1.0 9.58e+04 -20.0 7.68e-06 6.67e-04f  1
iter    objective    inf_pr   inf_du lg(mu)  ||d||  lg(rg) alpha_du alpha_pr  ls
 250  3.1206169e+07 7.13e+04 1.40e+05  -1.0 9.57e+04 -20.0 9.12e-04 5.24e-03f  1
 251  3.1159715e+07 7.10e+04 1.40e+05  -1.0 9.52e+04 -20.0 1.75e-03 3.31e-03f  1
 252  3.1156618e+07 7.10e+04 1.40e+05  -1.0 9.49e+04 -20.0 1.70e-04 2.30e-04f  1
 253  3.1151134e+07 7.10e+04 1.39e+05  -1.0 9.49e+04 -20.0 1.24e-04 4.11e-04f  1
 254  3.1066916e+07 7.05e+04 1.39e+05  -1.0 9.48e+04 -20.0 1.90e-04 6.90e-03f  1
 255  3.1037788e+07 7.03e+04 1.38e+05  -1.0 9.42e+04 -20.0 3.84e-03 2.74e-03f  1
 256  3.1019418e+07 7.02e+04 1.38e+05  -1.0 9.39e+04 -20.0 8.11e-04 1.86e-03f  1
 257  3.1005647e+07 7.01e+04 1.38e+05  -1.0 9.37e+04 -20.0 2.21e-03 1.47e-03f  1
 258  3.0961480e+07 6.97e+04 1.37e+05  -1.0 9.36e+04 -20.0 6.19e-04 5.33e-03f  1
 259  3.0937567e+07 6.94e+04 1.36e+05  -1.0 9.31e+04 -20.0 5.47e-03 3.46e-03f  1
iter    objective    inf_pr   inf_du lg(mu)  ||d||  lg(rg) alpha_du alpha_pr  ls
 260  3.0910515e+07 6.91e+04 1.36e+05  -1.0 9.28e+04 -20.0 3.79e-03 4.80e-03f  1
 261  3.0899258e+07 6.89e+04 1.35e+05  -1.0 9.23e+04 -20.0 2.09e-03 2.50e-03f  1
 262  3.0899025e+07 6.89e+04 1.35e+05  -1.0 9.21e+04 -20.0 6.94e-05 5.67e-05f  1
 263  3.0885710e+07 6.87e+04 1.35e+05  -1.0 9.21e+04 -20.0 4.52e-05 3.79e-03f  1
 264  3.0879859e+07 6.85e+04 1.35e+05  -1.0 9.17e+04 -20.0 5.65e-03 2.27e-03f  1
 265  3.0871622e+07 6.81e+04 1.34e+05  -1.0 9.15e+04 -20.0 1.75e-04 6.71e-03f  1
 266  3.0871701e+07 6.79e+04 1.34e+05  -1.0 9.09e+04 -20.0 4.93e-03 1.74e-03h  1
 267  3.0875027e+07 6.77e+04 1.33e+05  -1.0 9.08e+04 -20.0 2.94e-03 3.83e-03h  1
 268  3.0875090e+07 6.77e+04 1.33e+05  -1.0 9.04e+04 -20.0 1.40e-04 4.37e-05h  1
 269  3.0876608e+07 6.76e+04 1.33e+05  -1.0 9.04e+04 -20.0 9.23e-06 9.57e-04h  1
iter    objective    inf_pr   inf_du lg(mu)  ||d||  lg(rg) alpha_du alpha_pr  ls
 270  3.0892258e+07 6.72e+04 1.32e+05  -1.0 9.03e+04 -20.0 1.41e-03 6.00e-03h  1
 271  3.0901926e+07 6.70e+04 1.32e+05  -1.0 8.98e+04 -20.0 5.88e-03 2.52e-03h  1
 272  3.0949811e+07 6.64e+04 1.31e+05  -1.0 8.96e+04 -20.0 6.30e-03 8.75e-03h  1
 273  3.1008759e+07 6.59e+04 1.30e+05  -1.0 8.88e+04 -20.0 2.15e-03 7.58e-03h  1
 274  3.1078224e+07 6.55e+04 1.29e+05  -1.0 8.81e+04 -20.0 6.88e-03 7.09e-03h  1
 275  3.1134718e+07 6.52e+04 1.28e+05  -1.0 8.75e+04 -20.0 4.92e-03 4.95e-03h  1
 276  3.1217998e+07 6.47e+04 1.27e+05  -1.0 8.70e+04 -20.0 1.83e-03 6.44e-03h  1
 277  3.1277926e+07 6.45e+04 1.27e+05  -1.0 8.65e+04 -20.0 4.58e-03 4.19e-03h  1
 278  3.1350477e+07 6.42e+04 1.26e+05  -1.0 8.61e+04 -20.0 5.43e-03 4.70e-03h  1
 279  3.1381003e+07 6.40e+04 1.26e+05  -1.0 8.57e+04 -20.0 2.06e-03 1.88e-03h  1
iter    objective    inf_pr   inf_du lg(mu)  ||d||  lg(rg) alpha_du alpha_pr  ls
 280  3.1539263e+07 6.35e+04 1.25e+05  -1.0 8.56e+04 -20.0 9.16e-05 8.96e-03h  1
 281  3.1630321e+07 6.32e+04 1.24e+05  -1.0 8.48e+04 -20.0 1.04e-02 4.71e-03h  1
 282  3.1722111e+07 6.29e+04 1.24e+05  -1.0 8.44e+04 -20.0 6.35e-03 4.49e-03h  1
 283  3.1907362e+07 6.24e+04 1.23e+05  -1.0 8.40e+04 -20.0 3.13e-03 8.41e-03h  1
 284  3.2080715e+07 6.19e+04 1.22e+05  -1.0 8.33e+04 -20.0 2.38e-03 7.26e-03h  1
 285  3.2259628e+07 6.15e+04 1.21e+05  -1.0 8.27e+04 -20.0 6.60e-03 7.01e-03h  1
 286  3.2546398e+07 6.08e+04 1.20e+05  -1.0 8.21e+04 -20.0 8.16e-03 1.04e-02h  1
 287  3.2682998e+07 6.05e+04 1.19e+05  -1.0 8.13e+04 -20.0 3.37e-03 4.70e-03h  1
 288  3.2921775e+07 6.01e+04 1.18e+05  -1.0 8.09e+04 -20.0 6.00e-03 7.84e-03h  1
 289  3.3089556e+07 5.98e+04 1.17e+05  -1.0 8.02e+04 -20.0 1.28e-03 5.27e-03h  1
iter    objective    inf_pr   inf_du lg(mu)  ||d||  lg(rg) alpha_du alpha_pr  ls
 290  3.3120432e+07 5.97e+04 1.17e+05  -1.0 7.98e+04 -20.0 5.81e-03 9.53e-04h  1
 291  3.3167053e+07 5.96e+04 1.17e+05  -1.0 7.97e+04 -20.0 2.03e-05 1.43e-03h  1
 292  3.3391134e+07 5.92e+04 1.16e+05  -1.0 7.96e+04 -20.0 2.79e-03 6.68e-03h  1
 293  3.3659714e+07 5.88e+04 1.15e+05  -1.0 7.91e+04 -20.0 6.35e-03 7.67e-03h  1
 294  3.3910314e+07 5.84e+04 1.15e+05  -1.0 7.85e+04 -20.0 7.27e-03 6.88e-03h  1
 295  3.4367426e+07 5.77e+04 1.13e+05  -1.0 7.80e+04 -20.0 3.36e-03 1.19e-02h  1
 296  3.4625004e+07 5.73e+04 1.13e+05  -1.0 7.70e+04 -20.0 9.21e-03 6.45e-03h  1
 297  3.5102485e+07 5.66e+04 1.11e+05  -1.0 7.65e+04 -20.0 4.10e-03 1.15e-02h  1
 298  3.5637980e+07 5.59e+04 1.10e+05  -1.0 7.57e+04 -20.0 1.06e-02 1.22e-02h  1
 299  3.5906211e+07 5.56e+04 1.09e+05  -1.0 7.47e+04 -20.0 7.66e-03 5.94e-03h  1
iter    objective    inf_pr   inf_du lg(mu)  ||d||  lg(rg) alpha_du alpha_pr  ls
 300  3.6319663e+07 5.51e+04 1.08e+05  -1.0 7.43e+04 -20.0 3.82e-03 8.90e-03h  1
 301  3.6441892e+07 5.50e+04 1.08e+05  -1.0 7.36e+04 -20.0 6.74e-03 2.59e-03h  1
 302  3.6461829e+07 5.49e+04 1.08e+05  -1.0 7.34e+04 -20.0 8.32e-05 4.21e-04h  1
 303  3.6918171e+07 5.44e+04 1.07e+05  -1.0 7.34e+04 -20.0 4.83e-04 9.43e-03h  1
 304  3.7291666e+07 5.40e+04 1.06e+05  -1.0 7.27e+04 -20.0 1.43e-02 7.53e-03h  1
 305  3.8138041e+07 5.31e+04 1.04e+05  -1.0 7.22e+04 -20.0 1.04e-02 1.64e-02h  1
 306  3.9297392e+07 5.20e+04 1.02e+05  -1.0 7.10e+04 -20.0 1.06e-02 2.13e-02h  1
 307  4.0177119e+07 5.12e+04 1.01e+05  -1.0 6.95e+04 -20.0 7.41e-03 1.55e-02h  1
 308  4.0539043e+07 5.09e+04 1.00e+05  -1.0 6.84e+04 -20.0 1.32e-02 6.27e-03h  1
 309  4.1249253e+07 5.03e+04 9.88e+04  -1.0 6.80e+04 -20.0 6.15e-03 1.20e-02h  1
iter    objective    inf_pr   inf_du lg(mu)  ||d||  lg(rg) alpha_du alpha_pr  ls
 310  4.1721880e+07 4.99e+04 9.80e+04  -1.0 6.71e+04 -20.0 9.89e-03 7.88e-03h  1
 311  4.1728077e+07 4.99e+04 9.80e+04  -1.0 6.66e+04 -20.0 2.24e-04 1.03e-04h  1
 312  4.2010040e+07 4.96e+04 9.75e+04  -1.0 6.66e+04 -20.0 7.45e-05 4.65e-03h  1
 313  4.3142361e+07 4.87e+04 9.57e+04  -1.0 6.63e+04 -20.0 1.50e-02 1.82e-02h  1
 314  4.3875382e+07 4.82e+04 9.46e+04  -1.0 6.51e+04 -20.0 9.15e-03 1.15e-02h  1
 315  4.4608588e+07 4.76e+04 9.36e+04  -1.0 6.43e+04 -20.0 1.12e-02 1.13e-02h  1
 316  4.5361126e+07 4.71e+04 9.25e+04  -1.0 6.36e+04 -20.0 1.14e-02 1.15e-02h  1
 317  4.7293901e+07 4.57e+04 8.99e+04  -1.0 6.29e+04 -20.0 9.71e-03 2.84e-02h  1
 318  4.8712398e+07 4.48e+04 8.80e+04  -1.0 6.11e+04 -20.0 1.06e-02 2.04e-02h  1
 319  4.9539892e+07 4.43e+04 8.70e+04  -1.0 5.98e+04 -20.0 1.79e-02 1.18e-02h  1
iter    objective    inf_pr   inf_du lg(mu)  ||d||  lg(rg) alpha_du alpha_pr  ls
 320  5.1624101e+07 4.30e+04 8.45e+04  -1.0 5.91e+04 -20.0 4.99e-03 2.88e-02h  1
 321  5.2057011e+07 4.27e+04 8.40e+04  -1.0 5.74e+04 -20.0 1.79e-02 5.97e-03h  1
 322  5.3407849e+07 4.20e+04 8.24e+04  -1.0 5.71e+04 -20.0 1.29e-02 1.84e-02h  1
 323  5.4644100e+07 4.13e+04 8.11e+04  -1.0 5.60e+04 -20.0 7.42e-03 1.66e-02h  1
 324  5.5970840e+07 4.05e+04 7.96e+04  -1.0 5.51e+04 -20.0 2.42e-02 1.77e-02h  1
 325  5.7935989e+07 3.95e+04 7.76e+04  -1.0 5.41e+04 -20.0 9.88e-03 2.58e-02h  1
 326  5.8711982e+07 3.91e+04 7.68e+04  -1.0 5.27e+04 -20.0 1.41e-02 1.02e-02h  1
 327  5.9737498e+07 3.86e+04 7.58e+04  -1.0 5.22e+04 -20.0 1.26e-02 1.34e-02h  1
 328  5.9751330e+07 3.86e+04 7.58e+04  -1.0 5.15e+04 -20.0 4.88e-04 1.81e-04h  1
 329  6.0568209e+07 3.81e+04 7.50e+04  -1.0 5.15e+04 -20.0 1.71e-04 1.06e-02h  1
iter    objective    inf_pr   inf_du lg(mu)  ||d||  lg(rg) alpha_du alpha_pr  ls
 330  6.0875442e+07 3.80e+04 7.47e+04  -1.0 5.10e+04 -20.0 1.03e-02 4.00e-03h  1
 331  6.1782588e+07 3.75e+04 7.38e+04  -1.0 5.08e+04 -20.0 5.63e-04 1.17e-02h  1
 332  6.3653917e+07 3.66e+04 7.20e+04  -1.0 5.02e+04 -20.0 1.41e-02 2.39e-02h  1
 333  6.5342379e+07 3.59e+04 7.05e+04  -1.0 4.90e+04 -20.0 2.23e-03 2.15e-02h  1
 334  6.6605022e+07 3.53e+04 6.93e+04  -1.0 4.79e+04 -20.0 1.06e-02 1.61e-02h  1
 335  6.8331928e+07 3.45e+04 6.78e+04  -1.0 4.71e+04 -20.0 1.69e-02 2.19e-02h  1
 336  6.9242321e+07 3.41e+04 6.70e+04  -1.0 4.61e+04 -20.0 2.55e-02 1.16e-02h  1
 337  7.1094912e+07 3.33e+04 6.55e+04  -1.0 4.56e+04 -20.0 2.37e-02 2.35e-02h  1
 338  7.2724198e+07 3.26e+04 6.41e+04  -1.0 4.45e+04 -20.0 1.87e-02 2.07e-02h  1
 339  7.4809887e+07 3.18e+04 6.24e+04  -1.0 4.36e+04 -20.0 1.17e-02 2.64e-02h  1
iter    objective    inf_pr   inf_du lg(mu)  ||d||  lg(rg) alpha_du alpha_pr  ls
 340  7.6774000e+07 3.10e+04 6.09e+04  -1.0 4.24e+04 -20.0 2.79e-02 2.50e-02h  1
 341  7.8400557e+07 3.03e+04 5.96e+04  -1.0 4.14e+04 -20.0 2.27e-02 2.08e-02h  1
 342  8.0718412e+07 2.94e+04 5.78e+04  -1.0 4.05e+04 -20.0 3.52e-02 2.96e-02h  1
 343  8.4902851e+07 2.79e+04 5.47e+04  -1.0 3.93e+04 -20.0 2.43e-02 5.34e-02h  1
 344  8.7766092e+07 2.68e+04 5.27e+04  -1.0 3.72e+04 -20.0 4.12e-02 3.73e-02h  1
 345  9.2177881e+07 2.53e+04 4.96e+04  -1.0 3.58e+04 -20.0 3.41e-02 5.78e-02h  1
 346  9.3688792e+07 2.47e+04 4.86e+04  -1.0 3.37e+04 -20.0 3.45e-02 2.05e-02h  1
 347  9.3718835e+07 2.47e+04 4.86e+04  -1.0 3.31e+04 -20.0 1.23e-03 4.14e-04h  1
 348  9.7601844e+07 2.34e+04 4.60e+04  -1.0 3.30e+04 -20.0 7.31e-04 5.27e-02h  1
 349  9.8746930e+07 2.31e+04 4.53e+04  -1.0 3.13e+04 -20.0 1.29e-02 1.61e-02h  1
iter    objective    inf_pr   inf_du lg(mu)  ||d||  lg(rg) alpha_du alpha_pr  ls
 350  1.0204918e+08 2.20e+04 4.32e+04  -1.0 3.08e+04 -20.0 7.91e-03 4.64e-02h  1
 351  1.0258282e+08 2.18e+04 4.29e+04  -1.0 2.94e+04 -20.0 6.89e-02 7.76e-03h  1
 352  1.0766131e+08 2.02e+04 3.97e+04  -1.0 2.91e+04 -20.0 2.72e-02 7.30e-02h  1
 353  1.1067831e+08 1.93e+04 3.79e+04  -1.0 2.70e+04 -20.0 7.25e-02 4.55e-02h  1
 354  1.1348914e+08 1.85e+04 3.63e+04  -1.0 2.58e+04 -20.0 7.37e-02 4.36e-02h  1
 355  1.1352867e+08 1.84e+04 3.63e+04  -1.0 2.47e+04 -20.0 5.88e-03 6.36e-04h  1
 356  1.1813101e+08 1.71e+04 3.36e+04  -1.0 2.46e+04 -20.0 2.20e-03 7.31e-02h  1
 357  1.1906347e+08 1.68e+04 3.31e+04  -1.0 2.28e+04 -20.0 9.18e-02 1.57e-02h  1
 358  1.2454528e+08 1.53e+04 3.00e+04  -1.0 2.25e+04 -20.0 5.43e-02 9.22e-02h  1
 359  1.2536333e+08 1.51e+04 2.96e+04  -1.0 2.04e+04 -20.0 5.02e-02 1.49e-02h  1
iter    objective    inf_pr   inf_du lg(mu)  ||d||  lg(rg) alpha_du alpha_pr  ls
 360  1.2886491e+08 1.41e+04 2.77e+04  -1.0 2.01e+04 -20.0 3.90e-02 6.40e-02h  1
 361  1.3390214e+08 1.27e+04 2.50e+04  -1.0 1.88e+04 -20.0 8.76e-02 9.62e-02h  1
 362  1.3992862e+08 1.12e+04 2.19e+04  -1.0 1.70e+04 -20.0 1.88e-01 1.24e-01h  1
 363  1.4177968e+08 1.07e+04 2.10e+04  -1.0 1.49e+04 -20.0 4.81e-02 4.27e-02h  1
 364  1.4780845e+08 9.16e+03 1.80e+04  -1.0 1.43e+04 -20.0 1.35e-01 1.43e-01h  1
 365  1.5293754e+08 7.89e+03 1.55e+04  -1.0 1.22e+04 -20.0 8.26e-02 1.38e-01h  1
 366  1.5572391e+08 7.21e+03 1.42e+04  -1.0 1.05e+04 -20.0 2.50e-01 8.57e-02h  1
 367  1.5600040e+08 7.15e+03 1.40e+04  -1.0 9.64e+03 -20.0 1.19e-02 9.24e-03h  1
 368  1.5629117e+08 7.08e+03 1.39e+04  -1.0 9.55e+03 -20.0 8.99e-03 9.80e-03h  1
 369  1.5874309e+08 6.49e+03 1.28e+04  -1.0 9.46e+03 -20.0 1.02e-01 8.30e-02h  1
iter    objective    inf_pr   inf_du lg(mu)  ||d||  lg(rg) alpha_du alpha_pr  ls
 370  1.6205312e+08 5.71e+03 1.12e+04  -1.0 8.67e+03 -20.0 1.70e-01 1.21e-01h  1
 371  1.6481907e+08 5.06e+03 9.94e+03  -1.0 7.62e+03 -20.0 3.38e-01 1.13e-01h  1
 372  1.7335201e+08 3.10e+03 6.09e+03  -1.0 6.76e+03 -20.0 4.89e-01 3.87e-01h  1
 373  1.7578659e+08 2.56e+03 5.00e+03  -1.0 4.15e+03 -20.0 8.02e-01 1.76e-01h  1
 374  1.8393701e+08 7.57e+02 1.49e+03  -1.0 3.42e+03 -20.0 5.20e-01 7.04e-01h  1
 375  1.8462783e+08 6.06e+02 1.19e+03  -1.0 1.01e+03 -20.0 2.35e-01 1.99e-01h  1
 376  1.8585440e+08 3.40e+02 6.84e+02  -1.0 8.10e+02 -20.0 3.08e-01 4.39e-01h  1
 377  1.8681461e+08 1.33e+02 2.26e+02  -1.0 4.55e+02 -20.0 8.39e-01 6.09e-01h  1
 378  1.8712196e+08 6.66e+01 7.34e+01  -1.0 2.06e+03 -20.0 7.98e-01 4.99e-01h  1
 379  1.8739364e+08 7.95e+00 8.52e+01  -1.0 8.97e+03 -20.0 2.21e-01 8.81e-01h  1
iter    objective    inf_pr   inf_du lg(mu)  ||d||  lg(rg) alpha_du alpha_pr  ls
 380  1.8742982e+08 7.86e-02 2.14e+02  -1.0 1.13e+04 -20.0 8.00e-01 9.90e-01h  1
 381  1.8743014e+08 4.42e-04 7.07e+04  -1.0 4.77e+04 -20.0 3.68e-01 1.00e+00h  1
 382  1.8743015e+08 1.64e-05 1.91e+06  -1.0 5.89e+04 -20.0 8.08e-01 1.00e+00f  1
 383  1.8743015e+08 1.05e-04 1.27e+06  -1.0 1.24e+05 -20.0 3.36e-01 1.00e+00f  1
 384  1.8743015e+08 5.55e-05 2.53e+05  -1.0 5.83e+04 -20.0 8.00e-01 1.00e+00f  1
 385  1.8743015e+08 3.65e-05 1.00e-06  -1.0 2.41e+04 -20.0 1.00e+00 1.00e+00f  1
 386  1.8742878e+08 2.59e-05 2.19e+04  -5.7 1.17e+01 -20.0 8.35e-01 8.38e-01f  1
 387  1.8742846e+08 4.90e-05 2.72e+05  -5.7 1.09e+01 -20.0 7.57e-01 5.86e-01f  1
 388  1.8742825e+08 1.47e-03 5.77e+04  -5.7 4.15e+01 -20.0 7.64e-01 7.74e-01f  1
 389  1.8742818e+08 3.07e-02 1.82e+03  -5.7 1.88e+02 -20.0 7.70e-01 8.69e-01f  1
iter    objective    inf_pr   inf_du lg(mu)  ||d||  lg(rg) alpha_du alpha_pr  ls
 390  1.8742816e+08 2.37e-01 1.05e+04  -5.7 9.19e+02 -20.0 3.68e-01 8.41e-01f  1
 391  1.8742815e+08 1.25e-01 4.97e+03  -5.7 3.74e+02 -20.0 5.21e-01 4.94e-01h  1
 392  1.8742815e+08 1.43e-01 4.13e+03  -5.7 6.33e+02 -20.0 2.66e-01 5.68e-01h  1
 393  1.8742815e+08 1.70e-01 2.17e+03  -5.7 6.96e+02 -20.0 4.66e-01 4.16e-01h  1
 394  1.8742815e+08 1.70e-01 1.31e+03  -5.7 8.26e+02 -20.0 3.79e-01 2.79e-01h  1
 395  1.8742815e+08 2.62e-01 7.82e+02  -5.7 1.10e+03 -20.0 4.07e-01 4.29e-01h  1
 396  1.8742815e+08 3.49e-01 3.75e+02  -5.7 1.15e+03 -20.0 5.29e-01 5.66e-01h  1
 397  1.8742815e+08 2.19e-01 2.39e+02  -5.7 5.76e+02 -20.0 3.87e-01 5.15e-01h  1
 398  1.8742815e+08 1.23e-01 1.30e+02  -5.7 5.85e+02 -20.0 4.95e-01 7.61e-01h  1
 399  1.8742815e+08 4.71e-02 3.19e+00  -5.7 5.91e+02 -20.0 1.00e+00 6.18e-01h  1
iter    objective    inf_pr   inf_du lg(mu)  ||d||  lg(rg) alpha_du alpha_pr  ls
 400  1.8742815e+08 5.95e-03 2.53e-01  -5.7 6.72e+02 -20.0 1.00e+00 9.21e-01h  1
 401  1.8742815e+08 1.79e-04 1.18e-09  -5.7 5.34e+01 -20.0 1.00e+00 1.00e+00h  1
 402  1.8742815e+08 2.99e-07 1.89e-11  -5.7 1.24e-01 -20.0 1.00e+00 1.00e+00h  1
 403  1.8742815e+08 6.80e-03 2.59e+01  -7.0 1.27e+02 -20.0 5.67e-01 4.19e-01f  1
 404  1.8742815e+08 1.30e-02 3.25e+01  -7.0 1.10e+02 -20.0 6.14e-01 3.93e-01h  1
 405  1.8742815e+08 1.59e-02 2.38e+01  -7.0 9.73e+01 -20.0 7.98e-01 5.19e-01h  1
 406  1.8742815e+08 4.08e-02 1.13e+01  -7.0 9.99e+01 -20.0 8.21e-01 5.84e-01h  1
 407  1.8742815e+08 9.21e-02 9.24e-01  -7.0 9.42e+01 -20.0 1.00e+00 9.25e-01h  1
 408  1.8742815e+08 2.51e-03 1.60e-09  -7.0 1.09e+01 -20.0 1.00e+00 1.00e+00h  1
 409  1.8742815e+08 5.33e-05 1.60e-11  -7.0 1.14e+00 -20.0 1.00e+00 1.00e+00h  1
iter    objective    inf_pr   inf_du lg(mu)  ||d||  lg(rg) alpha_du alpha_pr  ls
 410  1.8742815e+08 8.13e-09 1.82e-12  -7.0 1.31e-02 -20.0 1.00e+00 1.00e+00h  1

Number of Iterations....: 410

                                   (scaled)                 (unscaled)
Objective...............:   1.8742814548337826e+08    1.8742814548337826e+08
Dual infeasibility......:   1.8189894035458565e-12    1.8189894035458565e-12
Constraint violation....:   8.1263351603411138e-09    8.1263351603411138e-09
Complementarity.........:   9.2304003739950594e-08    9.2304003739950594e-08
Overall NLP error.......:   9.2304003739950594e-08    9.2304003739950594e-08


Number of objective function evaluations             = 413
Number of objective gradient evaluations             = 408
Number of equality constraint evaluations            = 413
Number of inequality constraint evaluations          = 413
Number of equality constraint Jacobian evaluations   = 412
Number of inequality constraint Jacobian evaluations = 412
Number of Lagrangian Hessian evaluations             = 410
Total CPU secs in IPOPT (w/o function evaluations)   =    237.309
Total CPU secs in NLP function evaluations           =    100.892

EXIT: Optimal Solution Found.
365.575554 seconds (87.70 M allocations: 7.398 GiB, 0.64% gc time)
termination_status(m) = MathOptInterface.LOCALLY_SOLVED
Começando de salvar resultados
(T, B, I) = (120, 1, 158)
size(outputs.Potencia_media) = (120, 1, 158)
size(outputs.energy_produced) = (120, 1, 158)
Terminando de salvar resultados
Começo da gravação
options.objective_function = memoria1 = energia_firme
options.reservoir_constraints = reservoir_constraints_relaxed = reservoir_constraints_relaxed
  0.074663 seconds (125.95 k allocations: 8.660 MiB)
Int(options.evaporation) = 3
options.evaporation = variavel
1 of 1
  0.000107 seconds (4 allocations: 296.406 KiB)
("antes", s) = ("antes", 1)
data.inflow[1, 1] = 270.0
JuMP.value(inflow_parameter[1, 1]) = 723.168
  0.003230 seconds (4.08 k allocations: 2.534 MiB)
Int(options.evaporation) = 3
options.evaporation = variavel
("depois", s) = ("depois", 1)
data.inflow[1, 1] = 270.0
JuMP.value(inflow_parameter[1, 1]) = 723.168
This is Ipopt version 3.13.4, running with linear solver mumps.
NOTE: Other linear solvers might be more efficient (see Ipopt documentation).

Number of nonzeros in equality constraint Jacobian...:    48949
Number of nonzeros in inequality constraint Jacobian.:    30846
Number of nonzeros in Lagrangian Hessian.............:    13304

Total number of variables............................:    61441
                     variables with only lower bounds:    20640
                variables with lower and upper bounds:     2880
                     variables with only upper bounds:        0
Total number of equality constraints.................:    22320
Total number of inequality constraints...............:    41558
        inequality constraints with only lower bounds:    38078
   inequality constraints with lower and upper bounds:        0
        inequality constraints with only upper bounds:     3480

iter    objective    inf_pr   inf_du lg(mu)  ||d||  lg(rg) alpha_du alpha_pr  ls
   0 -5.4681582e-02 1.34e+05 3.79e+00  -1.0 0.00e+00    -  0.00e+00 0.00e+00   0
   1  3.9655490e+00 1.33e+05 1.27e+05  -1.0 1.34e+05  -4.0 7.74e-08 9.93e-03f  1
   2  2.6428936e+01 1.25e+05 1.20e+05  -1.0 1.33e+05  -4.5 9.83e-03 5.79e-02f  1
   3  4.3865778e+01 1.18e+05 1.13e+05  -1.0 1.25e+05  -5.0 2.14e-02 5.50e-02f  1
   4  6.0546279e+01 1.11e+05 1.06e+05  -1.0 1.18e+05  -5.4 7.97e-03 6.17e-02f  1
   5  7.8126528e+01 1.03e+05 9.82e+04  -1.0 1.11e+05  -5.9 3.80e-03 7.39e-02h  1
   6  8.9152156e+01 9.70e+04 9.29e+04  -1.0 1.03e+05  -6.4 1.20e-02 5.45e-02h  1
   7  9.4904756e+01 9.38e+04 8.99e+04  -1.0 9.70e+04  -6.9 9.70e-03 3.26e-02h  1
   8  1.0476867e+02 8.81e+04 8.44e+04  -1.0 9.38e+04  -7.3 1.32e-02 6.11e-02h  1
   9  1.1204731e+02 8.35e+04 8.00e+04  -1.0 8.81e+04  -7.8 1.98e-02 5.23e-02h  1
iter    objective    inf_pr   inf_du lg(mu)  ||d||  lg(rg) alpha_du alpha_pr  ls
  10  1.2127475e+02 7.71e+04 7.39e+04  -1.0 8.35e+04  -8.3 2.96e-03 7.61e-02h  1
  11  1.2150559e+02 7.70e+04 7.37e+04  -1.0 7.71e+04  -8.8 2.23e-03 2.25e-03h  1
  12  1.2673851e+02 7.30e+04 6.99e+04  -1.0 7.70e+04  -9.2 3.37e-03 5.14e-02h  1
  13  1.2687789e+02 7.29e+04 6.98e+04  -1.0 7.30e+04  -9.7 1.85e-03 1.54e-03h  1
  14  1.3587601e+02 6.56e+04 6.28e+04  -1.0 7.29e+04 -10.2 2.58e-03 1.00e-01h  1
  15  1.3603499e+02 6.54e+04 6.27e+04  -1.0 6.56e+04 -10.7 2.72e-03 2.19e-03h  1
  16  1.3920380e+02 6.26e+04 5.99e+04  -1.0 6.54e+04 -11.2 2.99e-03 4.40e-02h  1
  17  1.3938349e+02 6.24e+04 5.97e+04  -1.0 6.26e+04 -11.6 3.04e-03 2.75e-03h  1
  18  1.4243997e+02 5.94e+04 5.69e+04  -1.0 6.24e+04 -12.1 6.21e-03 4.72e-02h  1
  19  1.4255576e+02 5.93e+04 5.68e+04  -1.0 5.94e+04 -12.6 2.43e-03 1.97e-03h  1
iter    objective    inf_pr   inf_du lg(mu)  ||d||  lg(rg) alpha_du alpha_pr  ls
  20  1.4398644e+02 5.79e+04 5.54e+04  -1.0 5.93e+04 -13.1 3.82e-03 2.45e-02h  1
  21  1.4996574e+02 5.17e+04 4.95e+04  -1.0 5.79e+04 -13.5 4.83e-02 1.07e-01h  1
  22  1.5212564e+02 4.92e+04 4.71e+04  -1.0 5.17e+04 -14.0 2.91e-02 4.83e-02h  1
  23  1.6555903e+02 3.30e+04 3.16e+04  -1.0 4.92e+04 -14.5 2.88e-02 3.30e-01h  1
  24  1.6615630e+02 3.23e+04 3.09e+04  -1.0 3.30e+04 -15.0 3.11e-02 2.03e-02h  1
  25  1.7193634e+02 2.59e+04 2.48e+04  -1.0 3.23e+04 -15.5 1.09e-02 2.00e-01h  1
  26  1.7208964e+02 2.57e+04 2.46e+04  -1.0 2.59e+04 -15.9 8.99e-03 5.98e-03h  1
  27  1.8409865e+02 1.37e+04 1.31e+04  -1.0 2.57e+04 -16.4 2.18e-02 4.68e-01h  1
  28  1.9068411e+02 9.78e+03 9.36e+03  -1.0 1.37e+04 -16.9 2.77e-01 2.85e-01h  1
  29  1.9153596e+02 9.50e+03 9.10e+03  -1.0 9.78e+03 -17.4 2.16e-02 2.85e-02h  1
iter    objective    inf_pr   inf_du lg(mu)  ||d||  lg(rg) alpha_du alpha_pr  ls
  30  2.0532007e+02 5.19e+03 4.97e+03  -1.0 9.50e+03 -17.8 2.11e-01 4.53e-01h  1
  31  2.3122961e+02 1.54e+03 1.47e+03  -1.0 5.19e+03 -18.3 2.79e-01 7.04e-01h  1
  32  2.7310248e+02 1.80e+02 1.72e+02  -1.0 1.55e+03 -18.8 8.13e-01 8.83e-01h  1
  33  3.3870237e+02 1.07e+02 2.64e+03  -1.0 2.24e+02 -19.3 7.68e-01 4.07e-01h  1
  34  5.4638102e+02 1.94e+01 5.84e+03  -1.0 2.54e+02 -19.7 3.14e-01 8.18e-01h  1
  35  5.6602777e+02 1.33e+01 1.65e+03  -1.0 1.25e+02 -20.0 4.00e-01 3.17e-01h  1
  36  5.9816606e+02 4.79e+00 3.50e+04  -1.0 2.00e+02 -20.0 2.82e-01 6.39e-01h  1
  37  6.2403701e+02 9.30e-01 8.15e+04  -1.0 2.61e+02 -20.0 5.29e-01 8.06e-01h  1
  38  6.4333252e+02 1.62e-01 2.68e+05  -1.0 4.44e+02 -20.0 7.82e-01 1.00e+00h  1
  39  6.4572394e+02 3.67e-01 1.24e+06  -1.0 6.28e+02 -20.0 7.55e-01 8.93e-01f  1
iter    objective    inf_pr   inf_du lg(mu)  ||d||  lg(rg) alpha_du alpha_pr  ls
  40  6.3432221e+02 2.18e-01 7.10e+05  -1.0 3.33e+02 -20.0 6.71e-01 1.00e+00f  1
  41  6.2999670e+02 3.38e-02 1.60e-02  -1.0 8.68e+01 -20.0 1.00e+00 1.00e+00f  1
  42  6.8370552e+02 2.47e-02 1.31e+06  -2.5 2.78e+02 -20.0 5.13e-01 3.78e-01f  1
  43  7.1703702e+02 5.70e-02 9.25e+05  -2.5 2.53e+02 -20.0 2.98e-01 2.97e-01f  1
  44  7.4942312e+02 1.20e-01 1.51e+05  -2.5 1.84e+02 -20.0 2.03e-01 4.12e-01f  1
  45  7.6172179e+02 1.04e-01 1.59e+05  -2.5 1.11e+02 -20.0 4.00e-01 3.00e-01f  1
  46  7.6987946e+02 8.49e-02 1.36e+05  -2.5 1.68e+02 -20.0 3.60e-01 3.40e-01f  1
  47  7.7705787e+02 9.79e-02 1.40e+05  -2.5 9.87e+01 -20.0 6.04e-01 5.29e-01f  1
  48  7.8027969e+02 7.23e-02 1.25e+05  -2.5 6.21e+01 -20.0 8.14e-01 6.31e-01f  1
  49  7.8194049e+02 4.17e-02 7.97e-03  -2.5 2.89e+01 -20.0 1.00e+00 1.00e+00h  1
iter    objective    inf_pr   inf_du lg(mu)  ||d||  lg(rg) alpha_du alpha_pr  ls
  50  7.8190293e+02 1.20e-03 2.19e-04  -2.5 7.57e+00 -20.0 1.00e+00 1.00e+00h  1
  51  7.8388680e+02 2.49e-02 1.14e+04  -5.7 3.22e+01 -20.0 5.62e-01 6.02e-01f  1
  52  7.8437993e+02 1.97e-02 1.01e+04  -5.7 4.85e+01 -20.0 5.35e-01 3.98e-01f  1
  53  7.8484350e+02 1.17e-02 1.18e+03  -5.7 9.34e+01 -20.0 5.57e-01 6.41e-01h  1
  54  7.8493139e+02 7.56e-03 4.55e+03  -5.7 1.72e+02 -20.0 5.62e-01 3.54e-01h  1
  55  7.8502508e+02 1.12e-02 4.51e+02  -5.7 2.80e+02 -20.0 3.48e-01 5.65e-01h  1
  56  7.8506571e+02 4.74e-02 1.64e+03  -5.7 2.63e+02 -20.0 3.07e-01 5.01e-01h  1
  57  7.8509441e+02 7.81e-02 1.97e+03  -5.7 2.24e+02 -20.0 3.11e-01 5.56e-01h  1
  58  7.8511661e+02 1.44e-01 1.84e+03  -5.7 1.61e+02 -20.0 3.09e-01 6.26e-01h  1
  59  7.8512765e+02 1.88e-01 1.37e+03  -5.7 1.59e+02 -20.0 3.08e-01 4.69e-01h  1
iter    objective    inf_pr   inf_du lg(mu)  ||d||  lg(rg) alpha_du alpha_pr  ls
  60  7.8514059e+02 2.12e-01 9.70e+02  -5.7 1.88e+02 -20.0 3.67e-01 7.14e-01h  1
  61  7.8514742e+02 1.53e-01 5.80e+02  -5.7 1.41e+02 -20.0 4.32e-01 7.69e-01h  1
  62  7.8515039e+02 6.29e-02 2.75e+02  -5.7 8.37e+01 -20.0 5.36e-01 8.42e-01h  1
  63  7.8515138e+02 4.68e-02 1.12e+02  -5.7 6.20e+01 -20.0 5.98e-01 1.00e+00h  1
  64  7.8515155e+02 3.96e-02 5.62e-07  -5.7 2.44e+01 -20.0 1.00e+00 1.00e+00h  1
  65  7.8515158e+02 6.67e-03 2.30e-08  -5.7 9.71e+00 -20.0 1.00e+00 1.00e+00h  1
  66  7.8515158e+02 4.32e-06 2.46e-11  -5.7 7.11e-01 -20.0 1.00e+00 1.00e+00h  1
  67  7.8515494e+02 1.39e-01 1.43e+01  -8.6 1.02e+02 -20.0 5.01e-01 5.78e-01h  1
  68  7.8515601e+02 1.48e-01 2.43e+01  -8.6 1.04e+02 -20.0 2.56e-01 4.31e-01h  1
  69  7.8515650e+02 1.17e-01 1.33e-01  -8.6 7.46e+01 -20.0 5.85e-01 3.54e-01h  1
iter    objective    inf_pr   inf_du lg(mu)  ||d||  lg(rg) alpha_du alpha_pr  ls
  70  7.8515682e+02 8.36e-02 6.21e+00  -8.6 8.09e+01 -20.0 5.70e-01 3.55e-01h  1
  71  7.8515707e+02 4.60e-02 4.57e+00  -8.6 1.31e+02 -20.0 5.48e-01 4.53e-01h  1
  72  7.8515726e+02 2.25e-01 1.41e-02  -8.6 1.58e+02 -20.0 2.97e-01 6.17e-01h  1
  73  7.8515732e+02 3.76e-01 4.88e-01  -8.6 1.43e+02 -20.0 3.87e-01 5.11e-01h  1
  74  7.8515735e+02 2.43e-01 6.82e-01  -8.6 1.86e+02 -20.0 3.51e-01 5.44e-01h  1
  75  7.8515736e+02 2.23e-01 3.95e-01  -8.6 1.25e+02 -20.0 4.06e-01 3.95e-01h  1
  76  7.8515737e+02 1.36e-01 2.91e-01  -8.6 6.40e+01 -20.0 4.45e-01 5.83e-01h  1
  77  7.8515738e+02 1.52e-01 1.56e-01  -8.6 4.39e+01 -20.0 6.94e-01 1.00e+00h  1
  78  7.8515738e+02 9.18e-02 4.09e-02  -8.6 7.27e+01 -20.0 7.37e-01 3.97e-01h  1
  79  7.8515738e+02 2.78e-03 1.76e-09  -8.6 1.28e+01 -20.0 1.00e+00 1.00e+00h  1
iter    objective    inf_pr   inf_du lg(mu)  ||d||  lg(rg) alpha_du alpha_pr  ls
  80  7.8515738e+02 4.09e-04 6.79e-12  -8.6 4.46e+00 -20.0 1.00e+00 1.00e+00h  1
  81  7.8515738e+02 8.36e-07 9.81e-14  -8.6 2.18e-01 -20.0 1.00e+00 1.00e+00h  1

Number of Iterations....: 81

                                   (scaled)                 (unscaled)
Objective...............:  -7.8515738011493022e+02    7.8515738011493022e+02
Dual infeasibility......:   9.8104973856714215e-14    9.8104973856714215e-14
Constraint violation....:   8.3616018997645369e-07    8.3616018997645369e-07
Complementarity.........:   2.5060455336937913e-09   -2.5060455336937913e-09
Overall NLP error.......:   8.3616018997645369e-07    8.3616018997645369e-07


Number of objective function evaluations             = 82
Number of objective gradient evaluations             = 82
Number of equality constraint evaluations            = 82
Number of inequality constraint evaluations          = 82
Number of equality constraint Jacobian evaluations   = 82
Number of inequality constraint Jacobian evaluations = 82
Number of Lagrangian Hessian evaluations             = 81
Total CPU secs in IPOPT (w/o function evaluations)   =     33.573
Total CPU secs in NLP function evaluations           =     19.275

EXIT: Optimal Solution Found.
 58.079771 seconds (9.60 M allocations: 2.757 GiB, 4.59% gc time)
termination_status(m) = MathOptInterface.LOCALLY_SOLVED
Começando de salvar resultados
(T, B, I) = (120, 1, 158)
size(outputs.Potencia_media) = (120, 1, 158)
size(outputs.energy_produced) = (120, 1, 158)
Terminando de salvar resultados
Começo da gravação
Done!
out 20 2021 11:36 Execution canceled
Pressione qualquer tecla para continuar. . . 

